#
# There is insufficient memory for the Java Runtime Environment to continue.
# Native memory allocation (malloc) failed to allocate 1048576 bytes for AllocateHeap
# Possible reasons:
#   The system is out of physical RAM or swap space
#   In 32 bit mode, the process size limit was hit
# Possible solutions:
#   Reduce memory load on the system
#   Increase physical memory or swap space
#   Check if swap backing store is full
#   Use 64 bit Java on a 64 bit OS
#   Decrease Java heap size (-Xmx/-Xms)
#   Decrease number of Java threads
#   Decrease Java thread stack sizes (-Xss)
#   Set larger code cache with -XX:ReservedCodeCacheSize=
# This output file may be truncated or incomplete.
#
#  Out of Memory Error (memory/allocation.inline.hpp:61), pid=38192, tid=0x0000000000006e60
#
# JRE version:  (8.0) (build )
# Java VM: OpenJDK 64-Bit Server VM (25.71-b00 mixed mode windows-amd64 compressed oops)
# Failed to write core dump. Minidumps are not enabled by default on client versions of Windows
#

---------------  T H R E A D  ---------------

Current thread (0x0000000002a62800):  JavaThread "Unknown thread" [_thread_in_vm, id=28256, stack(0x0000000002890000,0x0000000002990000)]

Stack: [0x0000000002890000,0x0000000002990000]
[error occurred during error reporting (printing stack bounds), id 0xc0000005]

Native frames: (J=compiled Java code, j=interpreted, Vv=VM code, C=native code)


---------------  P R O C E S S  ---------------

Java Threads: ( => current thread )

Other Threads:

=>0x0000000002a62800 (exited) JavaThread "Unknown thread" [_thread_in_vm, id=28256, stack(0x0000000002890000,0x0000000002990000)]

VM state:not at safepoint (normal execution)

VM Mutex/Monitor currently owned by a thread: None

Heap:
 PSYoungGen      total 76288K, used 1310K [0x000000076b400000, 0x0000000770900000, 0x00000007c0000000)
  eden space 65536K, 2% used [0x000000076b400000,0x000000076b547af0,0x000000076f400000)
  from space 10752K, 0% used [0x000000076fe80000,0x000000076fe80000,0x0000000770900000)
  to   space 10752K, 0% used [0x000000076f400000,0x000000076f400000,0x000000076fe80000)
 ParOldGen       total 175104K, used 0K [0x00000006c1c00000, 0x00000006cc700000, 0x000000076b400000)
  object space 175104K, 0% used [0x00000006c1c00000,0x00000006c1c00000,0x00000006cc700000)
 Metaspace       used 777K, capacity 4480K, committed 4480K, reserved 1056768K
  class space    used 74K, capacity 384K, committed 384K, reserved 1048576K

Card table byte_map: [0x0000000011f20000,0x0000000012720000] byte_map_base: 0x000000000e912000

Marking Bits: (ParMarkBitMap*) 0x0000000073e5be50
 Begin Bits: [0x0000000013470000, 0x0000000017400000)
 End Bits:   [0x0000000017400000, 0x000000001b390000)

Polling page: 0x0000000001010000

CodeCache: size=245760Kb used=328Kb max_used=328Kb free=245431Kb
 bounds [0x0000000002b60000, 0x0000000002dd0000, 0x0000000011b60000]
 total_blobs=57 nmethods=0 adapters=38
 compilation: enabled

Compilation events (0 events):
No events

GC Heap History (0 events):
No events

Deoptimization events (0 events):
No events

Classes redefined (0 events):
No events

Internal exceptions (0 events):
No events

Events (10 events):
Event: 0.024 loading class java/lang/Short
Event: 0.024 loading class java/lang/Short done
Event: 0.024 loading class java/lang/Integer
Event: 0.025 loading class java/lang/Integer done
Event: 0.025 loading class java/lang/Long
Event: 0.025 loading class java/lang/Long done
Event: 0.026 loading class java/lang/NullPointerException
Event: 0.026 loading class java/lang/NullPointerException done
Event: 0.026 loading class java/lang/ArithmeticException
Event: 0.026 loading class java/lang/ArithmeticException done


Dynamic libraries:
0x00007ff6c5850000 - 0x00007ff6c5885000 	D:\Programme\Program Files\2020.3.14f1\Editor\Data\PlaybackEngines\AndroidPlayer\OpenJDK\bin\java.exe
0x00007ffd244d0000 - 0x00007ffd246c5000 	C:\WINDOWS\SYSTEM32\ntdll.dll
0x00007ffd23100000 - 0x00007ffd231bd000 	C:\WINDOWS\System32\KERNEL32.DLL
0x00007ffd22260000 - 0x00007ffd22529000 	C:\WINDOWS\System32\KERNELBASE.dll
0x00007ffd22530000 - 0x00007ffd225dc000 	C:\WINDOWS\System32\ADVAPI32.dll
0x00007ffd242a0000 - 0x00007ffd2433e000 	C:\WINDOWS\System32\msvcrt.dll
0x00007ffd228f0000 - 0x00007ffd2298b000 	C:\WINDOWS\System32\sechost.dll
0x00007ffd24340000 - 0x00007ffd2446a000 	C:\WINDOWS\System32\RPCRT4.dll
0x00007ffd22750000 - 0x00007ffd228f0000 	C:\WINDOWS\System32\USER32.dll
0x00007ffd21da0000 - 0x00007ffd21dc2000 	C:\WINDOWS\System32\win32u.dll
0x00007ffd22a00000 - 0x00007ffd22a2a000 	C:\WINDOWS\System32\GDI32.dll
0x00007ffd21c00000 - 0x00007ffd21d0b000 	C:\WINDOWS\System32\gdi32full.dll
0x00007ffd21dd0000 - 0x00007ffd21e6d000 	C:\WINDOWS\System32\msvcp_win.dll
0x00007ffd21ed0000 - 0x00007ffd21fd0000 	C:\WINDOWS\System32\ucrtbase.dll
0x00007ffd0c530000 - 0x00007ffd0c7ca000 	C:\WINDOWS\WinSxS\amd64_microsoft.windows.common-controls_6595b64144ccf1df_6.0.19041.1110_none_60b5254171f9507e\COMCTL32.dll
0x00007ffd22670000 - 0x00007ffd226a0000 	C:\WINDOWS\System32\IMM32.DLL
0x0000000073ee0000 - 0x0000000073fb2000 	D:\Programme\Program Files\2020.3.14f1\Editor\Data\PlaybackEngines\AndroidPlayer\OpenJDK\jre\bin\msvcr100.dll
0x0000000073690000 - 0x0000000073ed9000 	D:\Programme\Program Files\2020.3.14f1\Editor\Data\PlaybackEngines\AndroidPlayer\OpenJDK\jre\bin\server\jvm.dll
0x00007ffd229f0000 - 0x00007ffd229f8000 	C:\WINDOWS\System32\PSAPI.DLL
0x00007ffd157f0000 - 0x00007ffd157f9000 	C:\WINDOWS\SYSTEM32\WSOCK32.dll
0x00007ffd04320000 - 0x00007ffd04347000 	C:\WINDOWS\SYSTEM32\WINMM.dll
0x00007ffd16d60000 - 0x00007ffd16d6a000 	C:\WINDOWS\SYSTEM32\VERSION.dll
0x00007ffd23ed0000 - 0x00007ffd23f3b000 	C:\WINDOWS\System32\WS2_32.dll
0x00007ffd18410000 - 0x00007ffd1841f000 	D:\Programme\Program Files\2020.3.14f1\Editor\Data\PlaybackEngines\AndroidPlayer\OpenJDK\jre\bin\verify.dll
0x00007ffd0e010000 - 0x00007ffd0e039000 	D:\Programme\Program Files\2020.3.14f1\Editor\Data\PlaybackEngines\AndroidPlayer\OpenJDK\jre\bin\java.dll
0x00007ffd183f0000 - 0x00007ffd18406000 	D:\Programme\Program Files\2020.3.14f1\Editor\Data\PlaybackEngines\AndroidPlayer\OpenJDK\jre\bin\zip.dll

VM Arguments:
jvm_args: -Dfile.encoding=UTF-8 
java_command: org.gradle.launcher.GradleMain -Dorg.gradle.jvmargs=-Xmx4096m assembleRelease
java_class_path (initial): D:\Programme\Program Files\2020.3.14f1\Editor\Data\PlaybackEngines\AndroidPlayer\Tools\gradle\lib\gradle-launcher-5.6.4.jar
Launcher Type: SUN_STANDARD

Environment Variables:
JAVA_HOME=D:\Programme\Program Files\2020.3.14f1\Editor\Data\PlaybackEngines\AndroidPlayer\OpenJDK
JAVA_TOOL_OPTIONS=-Dfile.encoding=UTF-8
PATH=C:\Program Files (x86)\Graphviz2.38\bin\dot.exe;C:\Windows\system32;C:\Windows;C:\Windows\System32\Wbem;C:\Program Files\Git\cmd;C:\Program Files\PuTTY\;C:\Program Files\dotnet\;C:\Users\Alain\Miniconda3;C:\Users\Alain\Miniconda3\Scripts;C:\Windows\System32\OpenSSH;C:\MinGW\bin;;C:\WINDOWS\system32;C:\WINDOWS;C:\WINDOWS\System32\Wbem;C:\WINDOWS\System32\WindowsPowerShell\v1.0\;C:\WINDOWS\System32\OpenSSH\;C:\Program Files\Microsoft SQL Server\130\Tools\Binn\;C:\Program Files (x86)\Boxcryptor\bin\;C:\Windows\system32;C:\Windows;C:\Windows\System32\Wbem;C:\Users\Alain\AppData\Local\Programs\Python\Python37;C:\Users\Alain\AppData\Local\Programs\Python\Python37\Scripts;C:\Users\Alain\.dotnet\tools;C:\Users\Alain\AppData\Local\Microsoft\WindowsApps;C:\Users\Alain\Miniconda3\Scripts;C:\Users\Alain\Miniconda3;C:\Program Files (x86)\Graphviz2.38\bin\dot.exe;C:\Users\Alain\Miniconda3\condabin\conda_hook.bat;C:\Users\Alain\AppData\Local\Programs\Microsoft VS Code\bin;C:\Users\Alain\anaconda3\pkgs\openssl-1.1.1h-he774522_0\Library\bin;
USERNAME=Alain
OS=Windows_NT
PROCESSOR_IDENTIFIER=Intel64 Family 6 Model 142 Stepping 11, GenuineIntel



---------------  S Y S T E M  ---------------

OS: Windows 10.0 , 64 bit Build 19041 (10.0.19041.1151)

CPU:total 8 (initial active 8) (4 cores per cpu, 2 threads per core) family 6 model 142 stepping 11, cmov, cx8, fxsr, mmx, sse, sse2, sse3, ssse3, sse4.1, sse4.2, popcnt, avx, avx2, aes, clmul, erms, 3dnowpref, lzcnt, ht, tsc, tscinvbit, bmi1, bmi2, adx

Memory: 4k page, physical 16661812k(4854004k free), swap 19733812k(6660k free)

vm_info: OpenJDK 64-Bit Server VM (25.71-b00) for windows-amd64 JRE (1.8.0-adoptopenjdk-_2018_05_19_00_59-b00), built on May 19 2018 01:02:12 by "jenkins" with MS VC++ 10.0 (VS2010)

time: Wed Aug 25 12:09:33 2021
elapsed time: 0 seconds (0d 0h 0m 0s)

