Using pre-set license
Built from '2020.3/staging' branch; Version is '2020.3.14f1 (d0d1bb862f9d) revision 13685179'; Using compiler version '192528614'; Build Type 'Release'
OS: 'Windows 10 Home; OS build 19043.1165; Version 2009; 64bit' Language: 'de' Physical Memory: 16234 MB
BatchMode: 1, IsHumanControllingUs: 0, StartBugReporterOnCrash: 0, Is64bit: 1, IsPro: 0

 COMMAND LINE ARGUMENTS:
C:\Program Files\Unity\Hub\Editor\2020.3.14f1\Editor\Unity.exe
-adb2
-batchMode
-noUpm
-name
AssetImportWorker0
-projectPath
C:/Users/Bao Loi/Documents/4. Semester/pem-xr-medizin/AR-Anatomie
-logFile
Logs/AssetImportWorker0.log
-srvPort
60819
Successfully changed project path to: C:/Users/Bao Loi/Documents/4. Semester/pem-xr-medizin/AR-Anatomie
C:/Users/Bao Loi/Documents/4. Semester/pem-xr-medizin/AR-Anatomie
Using Asset Import Pipeline V2.
Refreshing native plugins compatible for Editor in 28.85 ms, found 2 plugins.
Preloading 0 native plugins for Editor in 0.00 ms.
Initialize engine version: 2020.3.14f1 (d0d1bb862f9d)
[Subsystems] Discovering subsystems at path C:/Program Files/Unity/Hub/Editor/2020.3.14f1/Editor/Data/Resources/UnitySubsystems
[Subsystems] Discovering subsystems at path C:/Users/Bao Loi/Documents/4. Semester/pem-xr-medizin/AR-Anatomie/Assets
GfxDevice: creating device client; threaded=0
Direct3D:
    Version:  Direct3D 11.0 [level 11.1]
    Renderer: NVIDIA GeForce MX150 (ID=0x1d10)
    Vendor:   
    VRAM:     1983 MB
    Driver:   25.21.14.1749
Initialize mono
Mono path[0] = 'C:/Program Files/Unity/Hub/Editor/2020.3.14f1/Editor/Data/Managed'
Mono path[1] = 'C:/Program Files/Unity/Hub/Editor/2020.3.14f1/Editor/Data/MonoBleedingEdge/lib/mono/unityjit'
Mono config path = 'C:/Program Files/Unity/Hub/Editor/2020.3.14f1/Editor/Data/MonoBleedingEdge/etc'
Using monoOptions --debugger-agent=transport=dt_socket,embedding=1,server=y,suspend=n,address=127.0.0.1:56684
Begin MonoManager ReloadAssembly
Registering precompiled unity dll's ...
Register platform support module: C:/Program Files/Unity/Hub/Editor/2020.3.14f1/Editor/Data/PlaybackEngines/WindowsStandaloneSupport/UnityEditor.WindowsStandalone.Extensions.dll
Registered in 0.002046 seconds.
Native extension for WindowsStandalone target not found
Refreshing native plugins compatible for Editor in 26.70 ms, found 2 plugins.
Preloading 0 native plugins for Editor in 0.00 ms.
Mono: successfully reloaded assembly
- Completed reload, in  1.693 seconds
Domain Reload Profiling:
	ReloadAssembly (1693ms)
		BeginReloadAssembly (46ms)
			ExecutionOrderSort (0ms)
			DisableScriptedObjects (0ms)
			BackupInstance (0ms)
			ReleaseScriptingObjects (0ms)
			CreateAndSetChildDomain (1ms)
		EndReloadAssembly (378ms)
			LoadAssemblies (44ms)
			RebuildTransferFunctionScriptingTraits (0ms)
			SetupTypeCache (142ms)
			ReleaseScriptCaches (0ms)
			RebuildScriptCaches (30ms)
			SetupLoadedEditorAssemblies (142ms)
				LogAssemblyErrors (0ms)
				InitializePlatformSupportModulesInManaged (4ms)
				SetLoadedEditorAssemblies (0ms)
				RefreshPlugins (27ms)
				BeforeProcessingInitializeOnLoad (13ms)
				ProcessInitializeOnLoadAttributes (73ms)
				ProcessInitializeOnLoadMethodAttributes (25ms)
				AfterProcessingInitializeOnLoad (0ms)
				EditorAssembliesLoaded (0ms)
			ExecutionOrderSort2 (0ms)
			AwakeInstancesAfterBackupRestoration (0ms)
Platform modules already initialized, skipping
Registering precompiled user dll's ...
Registered in 0.006244 seconds.
Begin MonoManager ReloadAssembly
Native extension for WindowsStandalone target not found
Refreshing native plugins compatible for Editor in 0.36 ms, found 2 plugins.
Preloading 0 native plugins for Editor in 0.00 ms.
Mono: successfully reloaded assembly
- Completed reload, in  1.065 seconds
Domain Reload Profiling:
	ReloadAssembly (1066ms)
		BeginReloadAssembly (139ms)
			ExecutionOrderSort (0ms)
			DisableScriptedObjects (4ms)
			BackupInstance (0ms)
			ReleaseScriptingObjects (0ms)
			CreateAndSetChildDomain (17ms)
		EndReloadAssembly (871ms)
			LoadAssemblies (78ms)
			RebuildTransferFunctionScriptingTraits (0ms)
			SetupTypeCache (263ms)
			ReleaseScriptCaches (0ms)
			RebuildScriptCaches (51ms)
			SetupLoadedEditorAssemblies (357ms)
				LogAssemblyErrors (0ms)
				InitializePlatformSupportModulesInManaged (8ms)
				SetLoadedEditorAssemblies (0ms)
				RefreshPlugins (0ms)
				BeforeProcessingInitializeOnLoad (99ms)
				ProcessInitializeOnLoadAttributes (238ms)
				ProcessInitializeOnLoadMethodAttributes (3ms)
				AfterProcessingInitializeOnLoad (7ms)
				EditorAssembliesLoaded (0ms)
			ExecutionOrderSort2 (0ms)
			AwakeInstancesAfterBackupRestoration (6ms)
Platform modules already initialized, skipping
========================================================================
Worker process is ready to serve import requests
Launched and connected shader compiler UnityShaderCompiler.exe after 0.05 seconds
Refreshing native plugins compatible for Editor in 0.34 ms, found 2 plugins.
Preloading 0 native plugins for Editor in 0.00 ms.
Unloading 1739 Unused Serialized files (Serialized files now loaded: 0)
System memory in use before: 76.1 MB.
System memory in use after: 76.1 MB.

Unloading 21 unused Assets to reduce memory usage. Loaded Objects now: 2170.
Total: 1.971300 ms (FindLiveObjects: 0.168700 ms CreateObjectMapping: 0.049000 ms MarkObjects: 1.677100 ms  DeleteObjects: 0.075400 ms)

AssetImportParameters requested are different than current active one (requested -> active):
  custom:framework-win-MediaFoundation: 216162199b28c13a410421893ffa2e32 -> 
  custom:video-decoder-ogg-theora: a1e56fd34408186e4bbccfd4996cb3dc -> 
  custom:container-muxer-webm: aa71ff27fc2769a1b78a27578f13a17b -> 
  custom:container-demuxer-webm: 4f35f7cbe854078d1ac9338744f61a02 -> 
  custom:container-demuxer-ogg: 62fdf1f143b41e24485cea50d1cbac27 -> 
  custom:video-encoder-webm-vp8: eb34c28f22e8b96e1ab97ce403110664 -> 
  custom:video-decoder-webm-vp8: 9c59270c3fd7afecdb556c50c9e8de78 -> 
  custom:audio-decoder-ogg-vorbis: bf7c407c2cedff20999df2af8eb42d56 -> 
  custom:audio-encoder-webm-vorbis: bf7c407c2cedff20999df2af8eb42d56 -> 
========================================================================
Received Import Request.
  path: Packages/com.unity.xr.legacyinputhelpers/Prefabs/XRRig.prefab
  artifactKey: Guid(c116b7497ab8ca34c9188965d4295e27) Importer(815301076,1909f56bfc062723c751e8b465ee728b)
Start importing Packages/com.unity.xr.legacyinputhelpers/Prefabs/XRRig.prefab using Guid(c116b7497ab8ca34c9188965d4295e27) Importer(815301076,1909f56bfc062723c751e8b465ee728b)  -> (artifact id: '4e0993ac88694dc4088532330439dbe4') in 0.036459 seconds 
  Import took 0.039065 seconds .

========================================================================
Received Import Request.
  Time since last request: 2.942453 seconds.
  path: Assets/Models/heart.obj
  artifactKey: Guid(5258bc102a7b39f439ad7bffc772db3d) Importer(815301076,1909f56bfc062723c751e8b465ee728b)
Start importing Assets/Models/heart.obj using Guid(5258bc102a7b39f439ad7bffc772db3d) Importer(815301076,1909f56bfc062723c751e8b465ee728b)  -> (artifact id: 'a77a13328fd196e4785bc6ad53ded7a5') in 0.342905 seconds 
  Import took 0.346361 seconds .

========================================================================
Received Import Request.
  Time since last request: 0.000477 seconds.
  path: Assets/Models/liver.obj
  artifactKey: Guid(5ba215b3c67be2f4483a325e47cc2559) Importer(815301076,1909f56bfc062723c751e8b465ee728b)
Start importing Assets/Models/liver.obj using Guid(5ba215b3c67be2f4483a325e47cc2559) Importer(815301076,1909f56bfc062723c751e8b465ee728b)  -> (artifact id: '2ba52418ddbd59055f547178f95392a9') in 0.036863 seconds 
  Import took 0.039181 seconds .

========================================================================
Received Import Request.
  Time since last request: 0.000637 seconds.
  path: Assets/Models/lung.obj
  artifactKey: Guid(b5149eeb5f4a22a48a64ecf54de6e749) Importer(815301076,1909f56bfc062723c751e8b465ee728b)
Start importing Assets/Models/lung.obj using Guid(b5149eeb5f4a22a48a64ecf54de6e749) Importer(815301076,1909f56bfc062723c751e8b465ee728b)  -> (artifact id: '017e0b584f98bfd0e64afb6fa0aab824') in 0.046287 seconds 
  Import took 0.048872 seconds .

========================================================================
Received Import Request.
  Time since last request: 85.273202 seconds.
  path: Assets/Textures/Marker_Herz.jpg
  artifactKey: Guid(592112ab6a6122a469007f496f679ede) Importer(815301076,1909f56bfc062723c751e8b465ee728b)
Start importing Assets/Textures/Marker_Herz.jpg using Guid(592112ab6a6122a469007f496f679ede) Importer(815301076,1909f56bfc062723c751e8b465ee728b)  -> (artifact id: '32bc48f4ecf454389f6a3ec81fc7c807') in 0.081371 seconds 
  Import took 0.084871 seconds .

========================================================================
Received Import Request.
  Time since last request: 0.000368 seconds.
  path: Assets/Textures/Marker_Nieren.jpg
  artifactKey: Guid(5b0c44b9926453e45ae46a89c10a6d34) Importer(815301076,1909f56bfc062723c751e8b465ee728b)
Start importing Assets/Textures/Marker_Nieren.jpg using Guid(5b0c44b9926453e45ae46a89c10a6d34) Importer(815301076,1909f56bfc062723c751e8b465ee728b)  -> (artifact id: '72a5fcce6f154e1fbfc89510f9fa1e3c') in 0.125255 seconds 
  Import took 0.127709 seconds .

========================================================================
Received Import Request.
  Time since last request: 0.000386 seconds.
  path: Assets/Textures/Marker_Leber.jpg
  artifactKey: Guid(f81a12af5f6c9344b8088441a890c372) Importer(815301076,1909f56bfc062723c751e8b465ee728b)
Start importing Assets/Textures/Marker_Leber.jpg using Guid(f81a12af5f6c9344b8088441a890c372) Importer(815301076,1909f56bfc062723c751e8b465ee728b)  -> (artifact id: 'a33527e1797e0bdc3be1b3745e16fb0b') in 0.059570 seconds 
  Import took 0.061936 seconds .

========================================================================
Received Import Request.
  Time since last request: 0.000550 seconds.
  path: Assets/Textures/Marker_Lunge.jpg
  artifactKey: Guid(cb59d4d93c3bd35488b61ba9fdf1ac37) Importer(815301076,1909f56bfc062723c751e8b465ee728b)
Start importing Assets/Textures/Marker_Lunge.jpg using Guid(cb59d4d93c3bd35488b61ba9fdf1ac37) Importer(815301076,1909f56bfc062723c751e8b465ee728b)  -> (artifact id: '6536c99abe2acfed1c8733d1ccd39c1a') in 0.050529 seconds 
  Import took 0.052811 seconds .

========================================================================
Received Import Request.
  Time since last request: 158.485123 seconds.
  path: Assets
  artifactKey: Guid(00000000000000001000000000000000) Importer(815301076,1909f56bfc062723c751e8b465ee728b)
Start importing Assets using Guid(00000000000000001000000000000000) Importer(815301076,1909f56bfc062723c751e8b465ee728b)  -> (artifact id: '42d402b061de3733987d63b9cc3b64de') in 0.002619 seconds 
  Import took 0.006308 seconds .

========================================================================
Received Import Request.
  Time since last request: 12.375708 seconds.
  path: Assets/Prefab
  artifactKey: Guid(22a6969ab97df6f429f401b0cabbf73c) Importer(815301076,1909f56bfc062723c751e8b465ee728b)
Start importing Assets/Prefab using Guid(22a6969ab97df6f429f401b0cabbf73c) Importer(815301076,1909f56bfc062723c751e8b465ee728b)  -> (artifact id: 'e7128c8c74228a2babdf5dbfa7f20e93') in 0.003487 seconds 
  Import took 0.006722 seconds .

========================================================================
Received Import Request.
  Time since last request: 0.001131 seconds.
  path: Assets/Prefab
  artifactKey: Guid(22a6969ab97df6f429f401b0cabbf73c) Importer(815301076,1909f56bfc062723c751e8b465ee728b)
Start importing Assets/Prefab using Guid(22a6969ab97df6f429f401b0cabbf73c) Importer(815301076,1909f56bfc062723c751e8b465ee728b)  -> (artifact id: 'e7128c8c74228a2babdf5dbfa7f20e93') in 0.002194 seconds 
  Import took 0.005659 seconds .

========================================================================
Received Import Request.
  Time since last request: 19.329945 seconds.
  path: Assets/Prefab/ReferenceImageLibrary.asset
  artifactKey: Guid(b46f82bb57c28e249b82c78272ea49a2) Importer(815301076,1909f56bfc062723c751e8b465ee728b)
Start importing Assets/Prefab/ReferenceImageLibrary.asset using Guid(b46f82bb57c28e249b82c78272ea49a2) Importer(815301076,1909f56bfc062723c751e8b465ee728b)  -> (artifact id: 'b35f7834614ffa502a1c493d31a70b32') in 0.010069 seconds 
  Import took 0.012573 seconds .

========================================================================
Received Import Request.
  Time since last request: 0.001313 seconds.
  path: Assets/Prefab/ReferenceImageLibrary.asset
  artifactKey: Guid(b46f82bb57c28e249b82c78272ea49a2) Importer(815301076,1909f56bfc062723c751e8b465ee728b)
Start importing Assets/Prefab/ReferenceImageLibrary.asset using Guid(b46f82bb57c28e249b82c78272ea49a2) Importer(815301076,1909f56bfc062723c751e8b465ee728b)  -> (artifact id: 'b35f7834614ffa502a1c493d31a70b32') in 0.006183 seconds 
  Import took 0.008773 seconds .

========================================================================
Received Import Request.
  Time since last request: 359.566808 seconds.
  path: Assets/Prefab/ReferenceImageLibrary.asset
  artifactKey: Guid(b46f82bb57c28e249b82c78272ea49a2) Importer(815301076,1909f56bfc062723c751e8b465ee728b)
Start importing Assets/Prefab/ReferenceImageLibrary.asset using Guid(b46f82bb57c28e249b82c78272ea49a2) Importer(815301076,1909f56bfc062723c751e8b465ee728b)  -> (artifact id: 'ea6595648d8288d81c0a10cf8192c5aa') in 0.094135 seconds 
  Import took 0.096829 seconds .

========================================================================
Received Import Request.
  Time since last request: 185.952577 seconds.
  path: Assets/Scripts
  artifactKey: Guid(1698d7bed94cf8e4eb12cac1511141e2) Importer(815301076,1909f56bfc062723c751e8b465ee728b)
Start importing Assets/Scripts using Guid(1698d7bed94cf8e4eb12cac1511141e2) Importer(815301076,1909f56bfc062723c751e8b465ee728b)  -> (artifact id: '7b1a98c1a8360a276f3ab1dd05af43fb') in 0.003253 seconds 
  Import took 0.007052 seconds .

========================================================================
Received Import Request.
  Time since last request: 12.240573 seconds.
  path: Assets/Scripts/ImageTracking.cs
  artifactKey: Guid(ac0f97066349dff44969bce69a3a0265) Importer(815301076,1909f56bfc062723c751e8b465ee728b)
Start importing Assets/Scripts/ImageTracking.cs using Guid(ac0f97066349dff44969bce69a3a0265) Importer(815301076,1909f56bfc062723c751e8b465ee728b)  -> (artifact id: 'a3e1291035dee9768fb29233c6d82652') in 0.014357 seconds 
  Import took 0.017045 seconds .

========================================================================
Received Import Request.
  Time since last request: 75.837975 seconds.
  path: Assets/Scripts/ImageTracking.cs
  artifactKey: Guid(ac0f97066349dff44969bce69a3a0265) Importer(815301076,1909f56bfc062723c751e8b465ee728b)
Start importing Assets/Scripts/ImageTracking.cs using Guid(ac0f97066349dff44969bce69a3a0265) Importer(815301076,1909f56bfc062723c751e8b465ee728b)  -> (artifact id: 'add5858d5c469d21dfbbdb9a57e9182f') in 0.002994 seconds 
  Import took 0.006488 seconds .

========================================================================
Received Import Request.
  Time since last request: 0.002706 seconds.
  path: Assets/Scripts/ImageTracking.cs
  artifactKey: Guid(ac0f97066349dff44969bce69a3a0265) Importer(815301076,1909f56bfc062723c751e8b465ee728b)
Start importing Assets/Scripts/ImageTracking.cs using Guid(ac0f97066349dff44969bce69a3a0265) Importer(815301076,1909f56bfc062723c751e8b465ee728b)  -> (artifact id: 'add5858d5c469d21dfbbdb9a57e9182f') in 0.002874 seconds 
  Import took 0.006155 seconds .

========================================================================
Received Import Request.
  Time since last request: 109.567819 seconds.
  path: Assets/Scripts/ImageTracking.cs
  artifactKey: Guid(ac0f97066349dff44969bce69a3a0265) Importer(815301076,1909f56bfc062723c751e8b465ee728b)
Start importing Assets/Scripts/ImageTracking.cs using Guid(ac0f97066349dff44969bce69a3a0265) Importer(815301076,1909f56bfc062723c751e8b465ee728b)  -> (artifact id: 'a71c463d2dda519c90e83f46eda9f1a8') in 0.003004 seconds 
  Import took 0.006928 seconds .

========================================================================
Received Import Request.
  Time since last request: 0.002389 seconds.
  path: Assets/Scripts/ImageTracking.cs
  artifactKey: Guid(ac0f97066349dff44969bce69a3a0265) Importer(815301076,1909f56bfc062723c751e8b465ee728b)
Start importing Assets/Scripts/ImageTracking.cs using Guid(ac0f97066349dff44969bce69a3a0265) Importer(815301076,1909f56bfc062723c751e8b465ee728b)  -> (artifact id: 'a71c463d2dda519c90e83f46eda9f1a8') in 0.002742 seconds 
  Import took 0.005770 seconds .

========================================================================
Received Import Request.
  Time since last request: 423.473765 seconds.
  path: Assets/Scripts/ImageTracking.cs
  artifactKey: Guid(ac0f97066349dff44969bce69a3a0265) Importer(815301076,1909f56bfc062723c751e8b465ee728b)
Start importing Assets/Scripts/ImageTracking.cs using Guid(ac0f97066349dff44969bce69a3a0265) Importer(815301076,1909f56bfc062723c751e8b465ee728b)  -> (artifact id: 'd61a86b9e28c64811be309bcebd3ce3d') in 0.003824 seconds 
  Import took 0.007181 seconds .

========================================================================
Received Import Request.
  Time since last request: 0.003524 seconds.
  path: Assets/Scripts/ImageTracking.cs
  artifactKey: Guid(ac0f97066349dff44969bce69a3a0265) Importer(815301076,1909f56bfc062723c751e8b465ee728b)
Start importing Assets/Scripts/ImageTracking.cs using Guid(ac0f97066349dff44969bce69a3a0265) Importer(815301076,1909f56bfc062723c751e8b465ee728b)  -> (artifact id: 'd61a86b9e28c64811be309bcebd3ce3d') in 0.003338 seconds 
  Import took 0.007648 seconds .

========================================================================
Received Import Request.
  Time since last request: 170.064821 seconds.
  path: Assets/Scripts/ImageTracking.cs
  artifactKey: Guid(ac0f97066349dff44969bce69a3a0265) Importer(815301076,1909f56bfc062723c751e8b465ee728b)
Start importing Assets/Scripts/ImageTracking.cs using Guid(ac0f97066349dff44969bce69a3a0265) Importer(815301076,1909f56bfc062723c751e8b465ee728b)  -> (artifact id: 'a3e84a7900a7d775028905fa70d5c5c9') in 0.004283 seconds 
  Import took 0.008633 seconds .

========================================================================
Received Import Request.
  Time since last request: 0.002917 seconds.
  path: Assets/Scripts/ImageTracking.cs
  artifactKey: Guid(ac0f97066349dff44969bce69a3a0265) Importer(815301076,1909f56bfc062723c751e8b465ee728b)
Start importing Assets/Scripts/ImageTracking.cs using Guid(ac0f97066349dff44969bce69a3a0265) Importer(815301076,1909f56bfc062723c751e8b465ee728b)  -> (artifact id: 'a3e84a7900a7d775028905fa70d5c5c9') in 0.003017 seconds 
  Import took 0.006612 seconds .

========================================================================
Received Prepare
Registering precompiled user dll's ...
Registered in 0.003175 seconds.
Begin MonoManager ReloadAssembly
Native extension for WindowsStandalone target not found
Refreshing native plugins compatible for Editor in 0.56 ms, found 2 plugins.
Preloading 0 native plugins for Editor in 0.00 ms.
Mono: successfully reloaded assembly
- Completed reload, in  0.956 seconds
Domain Reload Profiling:
	ReloadAssembly (956ms)
		BeginReloadAssembly (107ms)
			ExecutionOrderSort (0ms)
			DisableScriptedObjects (3ms)
			BackupInstance (0ms)
			ReleaseScriptingObjects (0ms)
			CreateAndSetChildDomain (34ms)
		EndReloadAssembly (788ms)
			LoadAssemblies (81ms)
			RebuildTransferFunctionScriptingTraits (0ms)
			SetupTypeCache (259ms)
			ReleaseScriptCaches (1ms)
			RebuildScriptCaches (36ms)
			SetupLoadedEditorAssemblies (286ms)
				LogAssemblyErrors (0ms)
				InitializePlatformSupportModulesInManaged (5ms)
				SetLoadedEditorAssemblies (1ms)
				RefreshPlugins (1ms)
				BeforeProcessingInitializeOnLoad (86ms)
				ProcessInitializeOnLoadAttributes (185ms)
				ProcessInitializeOnLoadMethodAttributes (3ms)
				AfterProcessingInitializeOnLoad (6ms)
				EditorAssembliesLoaded (0ms)
			ExecutionOrderSort2 (0ms)
			AwakeInstancesAfterBackupRestoration (6ms)
Platform modules already initialized, skipping
Switching build target platform(19) subTarget(0) extendedPlatform(0) -> platform(13) subTarget(589824) extendedPlatform(0)
Refreshing native plugins compatible for Editor in 0.36 ms, found 2 plugins.
Preloading 0 native plugins for Editor in 0.00 ms.
Unloading 1734 Unused Serialized files (Serialized files now loaded: 0)
System memory in use before: 79.4 MB.
System memory in use after: 79.5 MB.

Unloading 16 unused Assets to reduce memory usage. Loaded Objects now: 2220.
Total: 2.563900 ms (FindLiveObjects: 0.307100 ms CreateObjectMapping: 0.165500 ms MarkObjects: 2.009200 ms  DeleteObjects: 0.081300 ms)

AssetImportParameters requested are different than current active one (requested -> active):
  custom:framework-win-MediaFoundation: 216162199b28c13a410421893ffa2e32 -> 
  custom:video-decoder-ogg-theora: a1e56fd34408186e4bbccfd4996cb3dc -> 
  custom:container-muxer-webm: aa71ff27fc2769a1b78a27578f13a17b -> 
  custom:container-demuxer-webm: 4f35f7cbe854078d1ac9338744f61a02 -> 
  custom:container-demuxer-ogg: 62fdf1f143b41e24485cea50d1cbac27 -> 
  custom:video-encoder-webm-vp8: eb34c28f22e8b96e1ab97ce403110664 -> 
  custom:video-decoder-webm-vp8: 9c59270c3fd7afecdb556c50c9e8de78 -> 
  custom:graphics/normal-map-encoding: 01000000000000000000000000000000 -> 02000000000000000000000000000000
  custom:audio-decoder-ogg-vorbis: bf7c407c2cedff20999df2af8eb42d56 -> 
  custom:audio-encoder-webm-vorbis: bf7c407c2cedff20999df2af8eb42d56 -> 
========================================================================
Received Prepare
Registering precompiled user dll's ...
Registered in 0.003426 seconds.
Begin MonoManager ReloadAssembly
Native extension for WindowsStandalone target not found
Refreshing native plugins compatible for Editor in 0.36 ms, found 2 plugins.
Preloading 0 native plugins for Editor in 0.00 ms.
Mono: successfully reloaded assembly
- Completed reload, in  0.993 seconds
Domain Reload Profiling:
	ReloadAssembly (993ms)
		BeginReloadAssembly (110ms)
			ExecutionOrderSort (0ms)
			DisableScriptedObjects (4ms)
			BackupInstance (0ms)
			ReleaseScriptingObjects (0ms)
			CreateAndSetChildDomain (35ms)
		EndReloadAssembly (820ms)
			LoadAssemblies (80ms)
			RebuildTransferFunctionScriptingTraits (0ms)
			SetupTypeCache (294ms)
			ReleaseScriptCaches (1ms)
			RebuildScriptCaches (46ms)
			SetupLoadedEditorAssemblies (274ms)
				LogAssemblyErrors (0ms)
				InitializePlatformSupportModulesInManaged (6ms)
				SetLoadedEditorAssemblies (0ms)
				RefreshPlugins (0ms)
				BeforeProcessingInitializeOnLoad (71ms)
				ProcessInitializeOnLoadAttributes (187ms)
				ProcessInitializeOnLoadMethodAttributes (4ms)
				AfterProcessingInitializeOnLoad (6ms)
				EditorAssembliesLoaded (0ms)
			ExecutionOrderSort2 (0ms)
			AwakeInstancesAfterBackupRestoration (6ms)
Platform modules already initialized, skipping
Switching build target platform(19) subTarget(0) extendedPlatform(0) -> platform(13) subTarget(589824) extendedPlatform(0)
Refreshing native plugins compatible for Editor in 0.38 ms, found 2 plugins.
Preloading 0 native plugins for Editor in 0.00 ms.
Unloading 1734 Unused Serialized files (Serialized files now loaded: 0)
System memory in use before: 79.5 MB.
System memory in use after: 79.5 MB.

Unloading 16 unused Assets to reduce memory usage. Loaded Objects now: 2223.
Total: 2.555100 ms (FindLiveObjects: 0.180100 ms CreateObjectMapping: 0.055400 ms MarkObjects: 2.259300 ms  DeleteObjects: 0.059300 ms)

AssetImportParameters requested are different than current active one (requested -> active):
  custom:framework-win-MediaFoundation: 216162199b28c13a410421893ffa2e32 -> 
  custom:video-decoder-ogg-theora: a1e56fd34408186e4bbccfd4996cb3dc -> 
  custom:container-muxer-webm: aa71ff27fc2769a1b78a27578f13a17b -> 
  custom:container-demuxer-webm: 4f35f7cbe854078d1ac9338744f61a02 -> 
  custom:container-demuxer-ogg: 62fdf1f143b41e24485cea50d1cbac27 -> 
  custom:video-encoder-webm-vp8: eb34c28f22e8b96e1ab97ce403110664 -> 
  custom:video-decoder-webm-vp8: 9c59270c3fd7afecdb556c50c9e8de78 -> 
  custom:graphics/normal-map-encoding: 01000000000000000000000000000000 -> 02000000000000000000000000000000
  custom:audio-decoder-ogg-vorbis: bf7c407c2cedff20999df2af8eb42d56 -> 
  custom:audio-encoder-webm-vorbis: bf7c407c2cedff20999df2af8eb42d56 -> 
AssetImportWorkerClient::OnTransportError - code=2 error=End of file
